c:\users\ziyad\documents\spirv-viewer\cmakefiles\generate.stamp
c:\users\ziyad\documents\spirv-viewer\lib\shaderc\cmakefiles\generate.stamp
c:\users\ziyad\documents\spirv-viewer\lib\shaderc\third_party\cmakefiles\generate.stamp
c:\users\ziyad\documents\spirv-viewer\lib\shaderc\third_party\googletest\cmakefiles\generate.stamp
c:\users\ziyad\documents\spirv-viewer\lib\shaderc\third_party\googletest\googlemock\cmakefiles\generate.stamp
c:\users\ziyad\documents\spirv-viewer\lib\shaderc\third_party\googletest\googlemock\gtest\cmakefiles\generate.stamp
c:\users\ziyad\documents\spirv-viewer\lib\shaderc\third_party\glslang\cmakefiles\generate.stamp
c:\users\ziyad\documents\spirv-viewer\lib\shaderc\third_party\glslang\external\cmakefiles\generate.stamp
c:\users\ziyad\documents\spirv-viewer\lib\shaderc\third_party\glslang\glslang\cmakefiles\generate.stamp
c:\users\ziyad\documents\spirv-viewer\lib\shaderc\third_party\glslang\glslang\osdependent\windows\cmakefiles\generate.stamp
c:\users\ziyad\documents\spirv-viewer\lib\shaderc\third_party\glslang\oglcompilersdll\cmakefiles\generate.stamp
c:\users\ziyad\documents\spirv-viewer\lib\shaderc\third_party\glslang\standalone\cmakefiles\generate.stamp
c:\users\ziyad\documents\spirv-viewer\lib\shaderc\third_party\glslang\spirv\cmakefiles\generate.stamp
c:\users\ziyad\documents\spirv-viewer\lib\shaderc\third_party\glslang\hlsl\cmakefiles\generate.stamp
c:\users\ziyad\documents\spirv-viewer\lib\shaderc\third_party\glslang\gtests\cmakefiles\generate.stamp
c:\users\ziyad\documents\spirv-viewer\lib\shaderc\third_party\spirv-tools\cmakefiles\generate.stamp
c:\users\ziyad\documents\spirv-viewer\lib\shaderc\third_party\spirv-tools\external\cmakefiles\generate.stamp
c:\users\ziyad\documents\spirv-viewer\lib\shaderc\third_party\spirv-tools\source\cmakefiles\generate.stamp
c:\users\ziyad\documents\spirv-viewer\lib\shaderc\third_party\spirv-tools\tools\cmakefiles\generate.stamp
c:\users\ziyad\documents\spirv-viewer\lib\shaderc\third_party\spirv-tools\test\cmakefiles\generate.stamp
c:\users\ziyad\documents\spirv-viewer\lib\shaderc\libshaderc_util\cmakefiles\generate.stamp
c:\users\ziyad\documents\spirv-viewer\lib\shaderc\libshaderc\cmakefiles\generate.stamp
c:\users\ziyad\documents\spirv-viewer\lib\shaderc\glslc\cmakefiles\generate.stamp
c:\users\ziyad\documents\spirv-viewer\lib\shaderc\glslc\test\cmakefiles\generate.stamp
c:\users\ziyad\documents\spirv-viewer\lib\shaderc\examples\cmakefiles\generate.stamp
c:\users\ziyad\documents\spirv-viewer\lib\shaderc\examples\online-compile\cmakefiles\generate.stamp
c:\users\ziyad\documents\spirv-viewer\win32\release\zero_check\zero_check.tlog\custombuild.command.1.tlog
c:\users\ziyad\documents\spirv-viewer\win32\release\zero_check\zero_check.tlog\custombuild.read.1.tlog
c:\users\ziyad\documents\spirv-viewer\win32\release\zero_check\zero_check.tlog\custombuild.write.1.tlog
