  Checking Build System
  CMake does not need to re-run because C:/Users/ziyad/Documents/SPIRV-viewer/CMakeFiles/generate.stamp is up-to-date.
  CMake does not need to re-run because C:/Users/ziyad/Documents/SPIRV-viewer/lib/shaderc/CMakeFiles/generate.stamp is up-to-date.
  CMake does not need to re-run because C:/Users/ziyad/Documents/SPIRV-viewer/lib/shaderc/third_party/CMakeFiles/generate.stamp is up-to-date.
  CMake does not need to re-run because C:/Users/ziyad/Documents/SPIRV-viewer/lib/shaderc/third_party/googletest/CMakeFiles/generate.stamp is up-to-date.
  CMake does not need to re-run because C:/Users/ziyad/Documents/SPIRV-viewer/lib/shaderc/third_party/googletest/googlemock/CMakeFiles/generate.stamp is up-to-date.
  CMake does not need to re-run because C:/Users/ziyad/Documents/SPIRV-viewer/lib/shaderc/third_party/googletest/googlemock/gtest/CMakeFiles/generate.stamp is up-to-date.
  CMake does not need to re-run because C:/Users/ziyad/Documents/SPIRV-viewer/lib/shaderc/third_party/glslang/CMakeFiles/generate.stamp is up-to-date.
  CMake does not need to re-run because C:/Users/ziyad/Documents/SPIRV-viewer/lib/shaderc/third_party/glslang/External/CMakeFiles/generate.stamp is up-to-date.
  CMake does not need to re-run because C:/Users/ziyad/Documents/SPIRV-viewer/lib/shaderc/third_party/glslang/glslang/CMakeFiles/generate.stamp is up-to-date.
  CMake does not need to re-run because C:/Users/ziyad/Documents/SPIRV-viewer/lib/shaderc/third_party/glslang/glslang/OSDependent/Windows/CMakeFiles/generate.stamp is up-to-date.
  CMake does not need to re-run because C:/Users/ziyad/Documents/SPIRV-viewer/lib/shaderc/third_party/glslang/OGLCompilersDLL/CMakeFiles/generate.stamp is up-to-date.
  CMake does not need to re-run because C:/Users/ziyad/Documents/SPIRV-viewer/lib/shaderc/third_party/glslang/StandAlone/CMakeFiles/generate.stamp is up-to-date.
  CMake does not need to re-run because C:/Users/ziyad/Documents/SPIRV-viewer/lib/shaderc/third_party/glslang/SPIRV/CMakeFiles/generate.stamp is up-to-date.
  CMake does not need to re-run because C:/Users/ziyad/Documents/SPIRV-viewer/lib/shaderc/third_party/glslang/hlsl/CMakeFiles/generate.stamp is up-to-date.
  CMake does not need to re-run because C:/Users/ziyad/Documents/SPIRV-viewer/lib/shaderc/third_party/glslang/gtests/CMakeFiles/generate.stamp is up-to-date.
  CMake does not need to re-run because C:/Users/ziyad/Documents/SPIRV-viewer/lib/shaderc/third_party/spirv-tools/CMakeFiles/generate.stamp is up-to-date.
  CMake does not need to re-run because C:/Users/ziyad/Documents/SPIRV-viewer/lib/shaderc/third_party/spirv-tools/external/CMakeFiles/generate.stamp is up-to-date.
  CMake does not need to re-run because C:/Users/ziyad/Documents/SPIRV-viewer/lib/shaderc/third_party/spirv-tools/source/CMakeFiles/generate.stamp is up-to-date.
  CMake does not need to re-run because C:/Users/ziyad/Documents/SPIRV-viewer/lib/shaderc/third_party/spirv-tools/tools/CMakeFiles/generate.stamp is up-to-date.
  CMake does not need to re-run because C:/Users/ziyad/Documents/SPIRV-viewer/lib/shaderc/third_party/spirv-tools/test/CMakeFiles/generate.stamp is up-to-date.
  CMake does not need to re-run because C:/Users/ziyad/Documents/SPIRV-viewer/lib/shaderc/libshaderc_util/CMakeFiles/generate.stamp is up-to-date.
  CMake does not need to re-run because C:/Users/ziyad/Documents/SPIRV-viewer/lib/shaderc/libshaderc/CMakeFiles/generate.stamp is up-to-date.
  CMake does not need to re-run because C:/Users/ziyad/Documents/SPIRV-viewer/lib/shaderc/glslc/CMakeFiles/generate.stamp is up-to-date.
  CMake does not need to re-run because C:/Users/ziyad/Documents/SPIRV-viewer/lib/shaderc/glslc/test/CMakeFiles/generate.stamp is up-to-date.
  CMake does not need to re-run because C:/Users/ziyad/Documents/SPIRV-viewer/lib/shaderc/examples/CMakeFiles/generate.stamp is up-to-date.
  CMake does not need to re-run because C:/Users/ziyad/Documents/SPIRV-viewer/lib/shaderc/examples/online-compile/CMakeFiles/generate.stamp is up-to-date.
