d:\projects\pipeline layout editor\lib\shaderc\libshaderc_util\shaderc_util.dir\debug\shaderc_util.pdb
d:\projects\spirv viewer\lib\shaderc\libshaderc_util\shaderc_util.dir\debug\shaderc_util.pdb
d:\projects\spirv viewer\lib\shaderc\libshaderc_util\shaderc_util.dir\debug\version_profile.obj
d:\projects\spirv viewer\lib\shaderc\libshaderc_util\shaderc_util.dir\debug\spirv_tools_wrapper.obj
d:\projects\spirv viewer\lib\shaderc\libshaderc_util\shaderc_util.dir\debug\shader_stage.obj
d:\projects\spirv viewer\lib\shaderc\libshaderc_util\shaderc_util.dir\debug\resources.obj
d:\projects\spirv viewer\lib\shaderc\libshaderc_util\shaderc_util.dir\debug\message.obj
d:\projects\spirv viewer\lib\shaderc\libshaderc_util\shaderc_util.dir\debug\io.obj
d:\projects\spirv viewer\lib\shaderc\libshaderc_util\shaderc_util.dir\debug\file_finder.obj
d:\projects\spirv viewer\lib\shaderc\libshaderc_util\shaderc_util.dir\debug\compiler.obj
c:\users\ziyad\documents\spirv-viewer\lib\shaderc\libshaderc_util\shaderc_util.dir\debug\shaderc_util.pdb
d:\projects\pipeline layout editor\lib\shaderc\libshaderc_util\cmakefiles\generate.stamp
d:\projects\spirv viewer\lib\shaderc\libshaderc_util\cmakefiles\generate.stamp
c:\users\ziyad\documents\spirv-viewer\lib\shaderc\libshaderc_util\cmakefiles\generate.stamp
d:\projects\pipeline layout editor\lib\shaderc\libshaderc_util\debug\shaderc_util.lib
d:\projects\spirv viewer\lib\shaderc\libshaderc_util\debug\shaderc_util.lib
c:\users\ziyad\documents\spirv-viewer\lib\shaderc\libshaderc_util\shaderc_util.dir\debug\shaderc_util.vcxprojresolveassemblyreference.cache
c:\users\ziyad\documents\spirv-viewer\lib\shaderc\libshaderc_util\shaderc_util.dir\debug\compiler.obj
c:\users\ziyad\documents\spirv-viewer\lib\shaderc\libshaderc_util\shaderc_util.dir\debug\file_finder.obj
c:\users\ziyad\documents\spirv-viewer\lib\shaderc\libshaderc_util\shaderc_util.dir\debug\io.obj
c:\users\ziyad\documents\spirv-viewer\lib\shaderc\libshaderc_util\shaderc_util.dir\debug\message.obj
c:\users\ziyad\documents\spirv-viewer\lib\shaderc\libshaderc_util\shaderc_util.dir\debug\resources.obj
c:\users\ziyad\documents\spirv-viewer\lib\shaderc\libshaderc_util\shaderc_util.dir\debug\shader_stage.obj
c:\users\ziyad\documents\spirv-viewer\lib\shaderc\libshaderc_util\shaderc_util.dir\debug\spirv_tools_wrapper.obj
c:\users\ziyad\documents\spirv-viewer\lib\shaderc\libshaderc_util\shaderc_util.dir\debug\version_profile.obj
c:\users\ziyad\documents\spirv-viewer\lib\shaderc\libshaderc_util\debug\shaderc_util.pdb
c:\users\ziyad\documents\spirv-viewer\lib\shaderc\libshaderc_util\debug\shaderc_util.lib
c:\users\ziyad\documents\spirv-viewer\lib\shaderc\libshaderc_util\shaderc_util.dir\debug\shaderc_util.tlog\cl.command.1.tlog
c:\users\ziyad\documents\spirv-viewer\lib\shaderc\libshaderc_util\shaderc_util.dir\debug\shaderc_util.tlog\cl.read.1.tlog
c:\users\ziyad\documents\spirv-viewer\lib\shaderc\libshaderc_util\shaderc_util.dir\debug\shaderc_util.tlog\cl.write.1.tlog
c:\users\ziyad\documents\spirv-viewer\lib\shaderc\libshaderc_util\shaderc_util.dir\debug\shaderc_util.tlog\custombuild.command.1.tlog
c:\users\ziyad\documents\spirv-viewer\lib\shaderc\libshaderc_util\shaderc_util.dir\debug\shaderc_util.tlog\custombuild.read.1.tlog
c:\users\ziyad\documents\spirv-viewer\lib\shaderc\libshaderc_util\shaderc_util.dir\debug\shaderc_util.tlog\custombuild.write.1.tlog
c:\users\ziyad\documents\spirv-viewer\lib\shaderc\libshaderc_util\shaderc_util.dir\debug\shaderc_util.tlog\lib-link.read.1.tlog
c:\users\ziyad\documents\spirv-viewer\lib\shaderc\libshaderc_util\shaderc_util.dir\debug\shaderc_util.tlog\lib-link.write.1.tlog
c:\users\ziyad\documents\spirv-viewer\lib\shaderc\libshaderc_util\shaderc_util.dir\debug\shaderc_util.tlog\lib.command.1.tlog
