d:\projects\pipeline layout editor\lib\shaderc\glslc\glslc.dir\debug\glslc.pdb
d:\projects\pipeline layout editor\lib\shaderc\glslc\glslc.dir\debug\dependency_info.obj
d:\projects\pipeline layout editor\lib\shaderc\glslc\glslc.dir\debug\shader_stage.obj
d:\projects\pipeline layout editor\lib\shaderc\glslc\glslc.dir\debug\file_includer.obj
d:\projects\pipeline layout editor\lib\shaderc\glslc\glslc.dir\debug\file.obj
d:\projects\pipeline layout editor\lib\shaderc\glslc\glslc.dir\debug\file_compiler.obj
d:\projects\spirv viewer\lib\shaderc\glslc\glslc.dir\debug\glslc.pdb
d:\projects\spirv viewer\lib\shaderc\glslc\glslc.dir\debug\dependency_info.obj
d:\projects\spirv viewer\lib\shaderc\glslc\glslc.dir\debug\shader_stage.obj
d:\projects\spirv viewer\lib\shaderc\glslc\glslc.dir\debug\file_includer.obj
d:\projects\spirv viewer\lib\shaderc\glslc\glslc.dir\debug\file.obj
d:\projects\spirv viewer\lib\shaderc\glslc\glslc.dir\debug\file_compiler.obj
d:\projects\pipeline layout editor\lib\shaderc\glslc\cmakefiles\generate.stamp
d:\projects\spirv viewer\lib\shaderc\glslc\cmakefiles\generate.stamp
d:\projects\pipeline layout editor\lib\shaderc\glslc\debug\glslc.lib
d:\projects\spirv viewer\lib\shaderc\glslc\debug\glslc.lib
c:\users\ziyad\documents\spirv-viewer\lib\shaderc\glslc\glslc.dir\debug\glslc.vcxprojresolveassemblyreference.cache
c:\users\ziyad\documents\spirv-viewer\lib\shaderc\glslc\glslc.dir\debug\dependency_info.obj
c:\users\ziyad\documents\spirv-viewer\lib\shaderc\glslc\glslc.dir\debug\file.obj
c:\users\ziyad\documents\spirv-viewer\lib\shaderc\glslc\glslc.dir\debug\file_compiler.obj
c:\users\ziyad\documents\spirv-viewer\lib\shaderc\glslc\glslc.dir\debug\file_includer.obj
c:\users\ziyad\documents\spirv-viewer\lib\shaderc\glslc\glslc.dir\debug\shader_stage.obj
c:\users\ziyad\documents\spirv-viewer\lib\shaderc\glslc\glslc.dir\debug\glslc.pdb
c:\users\ziyad\documents\spirv-viewer\lib\shaderc\glslc\debug\glslc.lib
c:\users\ziyad\documents\spirv-viewer\lib\shaderc\glslc\glslc.dir\debug\glslc.tlog\cl.command.1.tlog
c:\users\ziyad\documents\spirv-viewer\lib\shaderc\glslc\glslc.dir\debug\glslc.tlog\cl.read.1.tlog
c:\users\ziyad\documents\spirv-viewer\lib\shaderc\glslc\glslc.dir\debug\glslc.tlog\cl.write.1.tlog
c:\users\ziyad\documents\spirv-viewer\lib\shaderc\glslc\glslc.dir\debug\glslc.tlog\custombuild.command.1.tlog
c:\users\ziyad\documents\spirv-viewer\lib\shaderc\glslc\glslc.dir\debug\glslc.tlog\custombuild.read.1.tlog
c:\users\ziyad\documents\spirv-viewer\lib\shaderc\glslc\glslc.dir\debug\glslc.tlog\custombuild.write.1.tlog
c:\users\ziyad\documents\spirv-viewer\lib\shaderc\glslc\glslc.dir\debug\glslc.tlog\lib-link.read.1.tlog
c:\users\ziyad\documents\spirv-viewer\lib\shaderc\glslc\glslc.dir\debug\glslc.tlog\lib-link.write.1.tlog
c:\users\ziyad\documents\spirv-viewer\lib\shaderc\glslc\glslc.dir\debug\glslc.tlog\lib.command.1.tlog
