c:\users\ziyad\documents\spirv-viewer\spirv_viewer.dir\release\spirv_msl.obj
c:\users\ziyad\documents\spirv-viewer\spirv_viewer.dir\release\spirv_glsl.obj
c:\users\ziyad\documents\spirv-viewer\spirv_viewer.dir\release\spirv_cross.obj
c:\users\ziyad\documents\spirv-viewer\spirv_viewer.dir\release\spirv_cpp.obj
c:\users\ziyad\documents\spirv-viewer\spirv_viewer.dir\release\nfd_win.obj
c:\users\ziyad\documents\spirv-viewer\spirv_viewer.dir\release\imgui_impl_glfw_gl3.obj
c:\users\ziyad\documents\spirv-viewer\spirv_viewer.dir\release\imgui_demo.obj
c:\users\ziyad\documents\spirv-viewer\spirv_viewer.dir\release\imgui_draw.obj
c:\users\ziyad\documents\spirv-viewer\spirv_viewer.dir\release\imgui.obj
c:\users\ziyad\documents\spirv-viewer\spirv_viewer.dir\release\tool_spirvviewer.obj
c:\users\ziyad\documents\spirv-viewer\spirv_viewer.dir\release\tool_framework.obj
c:\users\ziyad\documents\spirv-viewer\spirv_viewer.dir\release\main.obj
c:\users\ziyad\documents\spirv-viewer\spirv_viewer.dir\release\gl3w.obj
c:\users\ziyad\documents\spirv-viewer\spirv_viewer.dir\release\nfd_common.obj
c:\users\ziyad\documents\spirv-viewer\cmakefiles\generate.stamp
c:\users\ziyad\documents\spirv-viewer\release\spirv_viewer.exe
c:\users\ziyad\documents\spirv-viewer\spirv_viewer.dir\release\spirv_viewer.tlog\cl.command.1.tlog
c:\users\ziyad\documents\spirv-viewer\spirv_viewer.dir\release\spirv_viewer.tlog\cl.read.1.tlog
c:\users\ziyad\documents\spirv-viewer\spirv_viewer.dir\release\spirv_viewer.tlog\cl.write.1.tlog
c:\users\ziyad\documents\spirv-viewer\spirv_viewer.dir\release\spirv_viewer.tlog\custombuild.command.1.tlog
c:\users\ziyad\documents\spirv-viewer\spirv_viewer.dir\release\spirv_viewer.tlog\custombuild.read.1.tlog
c:\users\ziyad\documents\spirv-viewer\spirv_viewer.dir\release\spirv_viewer.tlog\custombuild.write.1.tlog
c:\users\ziyad\documents\spirv-viewer\spirv_viewer.dir\release\spirv_viewer.tlog\link.command.1.tlog
c:\users\ziyad\documents\spirv-viewer\spirv_viewer.dir\release\spirv_viewer.tlog\link.read.1.tlog
c:\users\ziyad\documents\spirv-viewer\spirv_viewer.dir\release\spirv_viewer.tlog\link.write.1.tlog
