c:\users\ziyad\documents\spirv-viewer\spirv_viewer.dir\debug\vc140.pdb
c:\users\ziyad\documents\spirv-viewer\spirv_viewer.dir\debug\spirv_msl.obj
c:\users\ziyad\documents\spirv-viewer\spirv_viewer.dir\debug\spirv_glsl.obj
c:\users\ziyad\documents\spirv-viewer\spirv_viewer.dir\debug\spirv_cross.obj
c:\users\ziyad\documents\spirv-viewer\spirv_viewer.dir\debug\spirv_cpp.obj
c:\users\ziyad\documents\spirv-viewer\spirv_viewer.dir\debug\nfd_win.obj
c:\users\ziyad\documents\spirv-viewer\spirv_viewer.dir\debug\imgui_impl_glfw_gl3.obj
c:\users\ziyad\documents\spirv-viewer\spirv_viewer.dir\debug\imgui_demo.obj
c:\users\ziyad\documents\spirv-viewer\spirv_viewer.dir\debug\imgui_draw.obj
c:\users\ziyad\documents\spirv-viewer\spirv_viewer.dir\debug\imgui.obj
c:\users\ziyad\documents\spirv-viewer\spirv_viewer.dir\debug\tool_spirvviewer.obj
c:\users\ziyad\documents\spirv-viewer\spirv_viewer.dir\debug\tool_framework.obj
c:\users\ziyad\documents\spirv-viewer\spirv_viewer.dir\debug\main.obj
c:\users\ziyad\documents\spirv-viewer\spirv_viewer.dir\debug\gl3w.obj
c:\users\ziyad\documents\spirv-viewer\spirv_viewer.dir\debug\nfd_common.obj
c:\users\ziyad\documents\spirv-viewer\cmakefiles\generate.stamp
c:\users\ziyad\documents\spirv-viewer\debug\spirv_viewer.pdb
c:\users\ziyad\documents\spirv-viewer\spirv_viewer.dir\debug\spirv_viewer.tlog\cl.command.1.tlog
c:\users\ziyad\documents\spirv-viewer\spirv_viewer.dir\debug\spirv_viewer.tlog\cl.read.1.tlog
c:\users\ziyad\documents\spirv-viewer\spirv_viewer.dir\debug\spirv_viewer.tlog\cl.write.1.tlog
c:\users\ziyad\documents\spirv-viewer\spirv_viewer.dir\debug\spirv_viewer.tlog\custombuild.command.1.tlog
c:\users\ziyad\documents\spirv-viewer\spirv_viewer.dir\debug\spirv_viewer.tlog\custombuild.read.1.tlog
c:\users\ziyad\documents\spirv-viewer\spirv_viewer.dir\debug\spirv_viewer.tlog\custombuild.write.1.tlog
c:\users\ziyad\documents\spirv-viewer\spirv_viewer.dir\debug\spirv_viewer.tlog\link-cvtres.read.1.tlog
c:\users\ziyad\documents\spirv-viewer\spirv_viewer.dir\debug\spirv_viewer.tlog\link-cvtres.write.1.tlog
c:\users\ziyad\documents\spirv-viewer\spirv_viewer.dir\debug\spirv_viewer.tlog\link-rc.read.1.tlog
c:\users\ziyad\documents\spirv-viewer\spirv_viewer.dir\debug\spirv_viewer.tlog\link-rc.write.1.tlog
c:\users\ziyad\documents\spirv-viewer\spirv_viewer.dir\debug\spirv_viewer.tlog\link.command.1.tlog
c:\users\ziyad\documents\spirv-viewer\spirv_viewer.dir\debug\spirv_viewer.tlog\link.read.1.tlog
c:\users\ziyad\documents\spirv-viewer\spirv_viewer.dir\debug\spirv_viewer.tlog\link.write.1.tlog
