d:\projects\pipeline layout editor\lib\shaderc\glslc\glslc_exe.dir\debug\vc140.pdb
d:\projects\pipeline layout editor\lib\shaderc\glslc\glslc_exe.dir\debug\main.obj
d:\projects\spirv viewer\lib\shaderc\glslc\glslc_exe.dir\debug\vc140.pdb
d:\projects\spirv viewer\lib\shaderc\glslc\glslc_exe.dir\debug\main.obj
d:\projects\pipeline layout editor\lib\shaderc\glslc\cmakefiles\generate.stamp
d:\projects\spirv viewer\lib\shaderc\glslc\cmakefiles\generate.stamp
d:\projects\spirv viewer\lib\shaderc\glslc\debug\glslc.lib
d:\projects\spirv viewer\lib\shaderc\glslc\debug\glslc.exp
d:\projects\pipeline layout editor\lib\shaderc\glslc\debug\glslc.ilk
d:\projects\pipeline layout editor\lib\shaderc\glslc\debug\glslc.exe
d:\projects\pipeline layout editor\lib\shaderc\glslc\debug\glslc.pdb
d:\projects\spirv viewer\lib\shaderc\glslc\debug\glslc.ilk
d:\projects\spirv viewer\lib\shaderc\glslc\debug\glslc.exe
d:\projects\spirv viewer\lib\shaderc\glslc\debug\glslc.pdb
c:\users\ziyad\documents\spirv-viewer\lib\shaderc\glslc\glslc_exe.dir\debug\glslc_exe.vcxprojresolveassemblyreference.cache
c:\users\ziyad\documents\spirv-viewer\lib\shaderc\glslc\glslc_exe.dir\debug\main.obj
c:\users\ziyad\documents\spirv-viewer\lib\shaderc\glslc\glslc_exe.dir\debug\vc140.pdb
c:\users\ziyad\documents\spirv-viewer\lib\shaderc\glslc\debug\glslc.pdb
c:\users\ziyad\documents\spirv-viewer\lib\shaderc\glslc\debug\glslc.exe
c:\users\ziyad\documents\spirv-viewer\lib\shaderc\glslc\debug\glslc.ilk
c:\users\ziyad\documents\spirv-viewer\lib\shaderc\glslc\glslc_exe.dir\debug\glslc_exe.tlog\cl.command.1.tlog
c:\users\ziyad\documents\spirv-viewer\lib\shaderc\glslc\glslc_exe.dir\debug\glslc_exe.tlog\cl.read.1.tlog
c:\users\ziyad\documents\spirv-viewer\lib\shaderc\glslc\glslc_exe.dir\debug\glslc_exe.tlog\cl.write.1.tlog
c:\users\ziyad\documents\spirv-viewer\lib\shaderc\glslc\glslc_exe.dir\debug\glslc_exe.tlog\custombuild.command.1.tlog
c:\users\ziyad\documents\spirv-viewer\lib\shaderc\glslc\glslc_exe.dir\debug\glslc_exe.tlog\custombuild.read.1.tlog
c:\users\ziyad\documents\spirv-viewer\lib\shaderc\glslc\glslc_exe.dir\debug\glslc_exe.tlog\custombuild.write.1.tlog
c:\users\ziyad\documents\spirv-viewer\lib\shaderc\glslc\glslc_exe.dir\debug\glslc_exe.tlog\glslc_exe.write.1u.tlog
c:\users\ziyad\documents\spirv-viewer\lib\shaderc\glslc\glslc_exe.dir\debug\glslc_exe.tlog\link.command.1.tlog
c:\users\ziyad\documents\spirv-viewer\lib\shaderc\glslc\glslc_exe.dir\debug\glslc_exe.tlog\link.read.1.tlog
c:\users\ziyad\documents\spirv-viewer\lib\shaderc\glslc\glslc_exe.dir\debug\glslc_exe.tlog\link.write.1.tlog
